[09:48:36] [main/INFO] (FabricLoader/GameProvider) Loading Minecraft 1.20.6 with Fabric Loader 0.16.9
[09:48:37] [main/INFO] (FabricLoader) Loading 56 mods:
	- emi 1.1.18+1.20.6+fabric
	- emipluginrecipes 1.0.0
	- fabric-api 0.100.8+1.20.6
	- fabric-api-base 0.4.40+80f8cf51b0
	- fabric-api-lookup-api-v1 1.6.59+e9d2a72bb0
	- fabric-biome-api-v1 13.0.25+be5d88beb0
	- fabric-block-api-v1 1.0.20+6dfe4c9bb0
	- fabric-block-view-api-v2 1.0.8+80f8cf51b0
	- fabric-blockrenderlayer-v1 1.1.50+80f8cf51b0
	- fabric-client-tags-api-v1 1.1.12+7f945d5bb0
	- fabric-command-api-v1 1.2.45+f71b366fb0
	- fabric-command-api-v2 2.2.24+80f8cf51b0
	- fabric-commands-v0 0.2.62+df3654b3b0
	- fabric-content-registries-v0 8.0.6+b82b2392b0
	- fabric-convention-tags-v1 2.0.7+7f945d5bb0
	- fabric-convention-tags-v2 2.1.3+f4bfb622b0
	- fabric-crash-report-info-v1 0.2.27+80f8cf51b0
	- fabric-data-attachment-api-v1 1.1.17+2a2c66b6b0
	- fabric-data-generation-api-v1 19.2.5+a5d5299db0
	- fabric-dimensions-v1 2.1.68+94793913b0
	- fabric-entity-events-v1 1.6.8+e9d2a72bb0
	- fabric-events-interaction-v0 0.7.6+c5fc38b3b0
	- fabric-game-rule-api-v1 1.0.50+80f8cf51b0
	- fabric-gametest-api-v1 1.3.18+1172e897b0
	- fabric-item-api-v1 8.2.3+6e5bbc4ab0
	- fabric-item-group-api-v1 4.1.1+f4bfb622b0
	- fabric-key-binding-api-v1 1.0.45+80f8cf51b0
	- fabric-keybindings-v0 0.2.43+df3654b3b0
	- fabric-lifecycle-events-v1 2.3.4+c5fc38b3b0
	- fabric-loot-api-v2 3.0.6+97f703dab0
	- fabric-message-api-v1 6.0.11+a7dc0e41b0
	- fabric-model-loading-api-v1 1.0.12+80f8cf51b0
	- fabric-models-v0 0.4.11+9386d8a7b0
	- fabric-networking-api-v1 4.2.0+a916f7c5b0
	- fabric-object-builder-api-v1 15.1.5+c5fc38b3b0
	- fabric-particles-v1 4.0.0+c5fc38b3b0
	- fabric-recipe-api-v1 5.0.6+9c745bbbb0
	- fabric-registry-sync-v0 5.0.19+c7d49fa1b0
	- fabric-renderer-api-v1 3.3.0+81dac6a1b0
	- fabric-renderer-indigo 1.5.15+41791025b0
	- fabric-renderer-registries-v1 3.2.62+df3654b3b0
	- fabric-rendering-data-attachment-v1 0.3.46+73761d2eb0
	- fabric-rendering-fluids-v1 3.1.3+2c869dedb0
	- fabric-rendering-v0 1.1.65+df3654b3b0
	- fabric-rendering-v1 4.2.5+850ef40bb0
	- fabric-resource-conditions-api-v1 4.2.0+a5d5299db0
	- fabric-resource-loader-v0 1.1.1+f4bfb622b0
	- fabric-screen-api-v1 2.0.21+7b70ea8ab0
	- fabric-screen-handler-api-v1 1.3.76+8c7b71c2b0
	- fabric-sound-api-v1 1.0.21+c5fc38b3b0
	- fabric-transfer-api-v1 5.1.7+7fc4b352b0
	- fabric-transitive-access-wideners-v1 6.0.10+74e2f560b0
	- fabricloader 0.16.9
	- java 21
	- minecraft 1.20.6
	- mixinextras 0.4.1
[09:48:37] [main/INFO] (FabricLoader/Mixin) SpongePowered MIXIN Subsystem Version=0.8.7 Source=file:/C:/Users/garre/.gradle/caches/modules-2/files-2.1/net.fabricmc/sponge-mixin/0.15.4+mixin.0.8.7/6a12aacc794f1078458433116e9ed42c1cc98096/sponge-mixin-0.15.4+mixin.0.8.7.jar Service=Knot/Fabric Env=CLIENT
[09:48:37] [main/INFO] (FabricLoader/Mixin) Loaded Fabric development mappings for mixin remapper!
[09:48:37] [main/INFO] (FabricLoader/Mixin) Compatibility level set to JAVA_17
[09:48:37] [main/INFO] (FabricLoader/Mixin) Compatibility level set to JAVA_21
[09:48:38] [main/WARN] (FabricLoader/Mixin) Error loading class: mezz/jei/library/load/PluginCaller (java.lang.ClassNotFoundException: mezz/jei/library/load/PluginCaller)
[09:48:39] [main/INFO] (FabricLoader/MixinExtras|Service) Initializing MixinExtras via com.llamalad7.mixinextras.service.MixinExtrasServiceImpl(version=0.4.1).
[09:48:47] [Datafixer Bootstrap/INFO] (Minecraft) 222 Datafixer optimizations took 413 milliseconds
[09:48:50] [Render thread/INFO] (Minecraft) Environment: Environment[sessionHost=https://sessionserver.mojang.com, servicesHost=https://api.minecraftservices.com, name=PROD]
[09:48:50] [Render thread/INFO] (Minecraft) Setting user: Player815
[09:48:51] [Render thread/INFO] (Indigo) [Indigo] Registering Indigo renderer!
[09:48:52] [Render thread/INFO] (Minecraft) Backend library: LWJGL version 3.3.3-snapshot
[09:48:55] [Render thread/INFO] (Minecraft) Reloading ResourceManager: vanilla, fabric, emi, fabric-api, fabric-api-base, fabric-api-lookup-api-v1, fabric-biome-api-v1, fabric-block-api-v1, fabric-block-view-api-v2, fabric-blockrenderlayer-v1, fabric-client-tags-api-v1, fabric-command-api-v1, fabric-command-api-v2, fabric-commands-v0, fabric-content-registries-v0, fabric-convention-tags-v1, fabric-convention-tags-v2, fabric-crash-report-info-v1, fabric-data-attachment-api-v1, fabric-data-generation-api-v1, fabric-dimensions-v1, fabric-entity-events-v1, fabric-events-interaction-v0, fabric-game-rule-api-v1, fabric-gametest-api-v1, fabric-item-api-v1, fabric-item-group-api-v1, fabric-key-binding-api-v1, fabric-keybindings-v0, fabric-lifecycle-events-v1, fabric-loot-api-v2, fabric-message-api-v1, fabric-model-loading-api-v1, fabric-models-v0, fabric-networking-api-v1, fabric-object-builder-api-v1, fabric-particles-v1, fabric-recipe-api-v1, fabric-registry-sync-v0, fabric-renderer-api-v1, fabric-renderer-indigo, fabric-renderer-registries-v1, fabric-rendering-data-attachment-v1, fabric-rendering-fluids-v1, fabric-rendering-v0, fabric-rendering-v1, fabric-resource-conditions-api-v1, fabric-resource-loader-v0, fabric-screen-api-v1, fabric-screen-handler-api-v1, fabric-sound-api-v1, fabric-transfer-api-v1, fabric-transitive-access-wideners-v1, fabricloader
[09:48:55] [Worker-Main-5/INFO] (Minecraft) Found unifont_all_no_pua-15.1.04.hex, loading
[09:48:55] [Worker-Main-6/INFO] (Minecraft) Found unifont_jp_patch-15.1.04.hex, loading
[09:48:58] [Render thread/WARN] (Minecraft) Missing sound for event: minecraft:item.goat_horn.play
[09:48:58] [Render thread/WARN] (Minecraft) Missing sound for event: minecraft:entity.goat.screaming.horn_break
[09:48:58] [Render thread/INFO] (Minecraft) OpenAL initialized on device OpenAL Soft on Headphones (Garret’s AirPods)
[09:48:58] [Render thread/INFO] (Minecraft) Sound engine started
[09:48:58] [Render thread/INFO] (Minecraft) Created: 1024x512x4 minecraft:textures/atlas/blocks.png-atlas
[09:48:59] [Render thread/INFO] (Minecraft) Created: 256x256x4 minecraft:textures/atlas/signs.png-atlas
[09:48:59] [Render thread/INFO] (Minecraft) Created: 512x512x4 minecraft:textures/atlas/shield_patterns.png-atlas
[09:48:59] [Render thread/INFO] (Minecraft) Created: 512x512x4 minecraft:textures/atlas/banner_patterns.png-atlas
[09:48:59] [Render thread/INFO] (Minecraft) Created: 1024x1024x4 minecraft:textures/atlas/armor_trims.png-atlas
[09:49:02] [Render thread/INFO] (Minecraft) Created: 128x64x4 minecraft:textures/atlas/decorated_pot.png-atlas
[09:49:02] [Render thread/INFO] (Minecraft) Created: 256x256x4 minecraft:textures/atlas/chest.png-atlas
[09:49:03] [Render thread/INFO] (Minecraft) Created: 512x256x4 minecraft:textures/atlas/shulker_boxes.png-atlas
[09:49:03] [Render thread/INFO] (Minecraft) Created: 512x256x4 minecraft:textures/atlas/beds.png-atlas
[09:49:03] [Render thread/INFO] (Minecraft) Created: 512x256x0 minecraft:textures/atlas/particles.png-atlas
[09:49:04] [Render thread/INFO] (Minecraft) Created: 256x256x0 minecraft:textures/atlas/paintings.png-atlas
[09:49:04] [Render thread/INFO] (Minecraft) Created: 256x128x0 minecraft:textures/atlas/mob_effects.png-atlas
[09:49:04] [Render thread/INFO] (Minecraft) Created: 64x64x0 minecraft:textures/atlas/map_decorations.png-atlas
[09:49:04] [Render thread/INFO] (Minecraft) Created: 1024x512x0 minecraft:textures/atlas/gui.png-atlas
[09:49:04] [Render thread/WARN] (Minecraft) Shader rendertype_entity_translucent_emissive could not find sampler named Sampler2 in the specified shader program.
[09:49:33] [Render thread/INFO] (Minecraft) Audio device was lost!
[09:49:33] [Render thread/WARN] (Minecraft) Missing sound for event: minecraft:item.goat_horn.play
[09:49:33] [Render thread/WARN] (Minecraft) Missing sound for event: minecraft:entity.goat.screaming.horn_break
[09:49:33] [Render thread/INFO] (Minecraft) OpenAL initialized on device OpenAL Soft on Speakers (Realtek(R) Audio)
[09:49:33] [Render thread/INFO] (Minecraft) Sound engine started
[09:49:33] [IO-Worker-1/INFO] (Minecraft) System default audio device has changed!
[09:49:33] [Render thread/WARN] (Minecraft) Missing sound for event: minecraft:item.goat_horn.play
[09:49:33] [Render thread/WARN] (Minecraft) Missing sound for event: minecraft:entity.goat.screaming.horn_break
[09:49:34] [Render thread/INFO] (Minecraft) OpenAL initialized on device OpenAL Soft on Speakers (Realtek(R) Audio)
[09:49:34] [Render thread/INFO] (Minecraft) Sound engine started
[09:49:47] [Render thread/INFO] (Minecraft) Loaded 1175 recipes
[09:49:47] [Render thread/INFO] (Minecraft) Loaded 1276 advancements
[09:49:48] [Render thread/INFO] (BiomeModificationImpl) Applied 0 biome modifications to 0 of 64 new biomes in 1.920 ms
[09:49:48] [Server thread/INFO] (Minecraft) Starting integrated minecraft server version 1.20.6
[09:49:48] [Server thread/INFO] (Minecraft) Generating keypair
[09:49:48] [Server thread/INFO] (Minecraft) Preparing start region for dimension minecraft:overworld
[09:49:49] [Render thread/INFO] (Minecraft) Preparing spawn area: 0%
[09:49:50] [Render thread/INFO] (Minecraft) Preparing spawn area: 0%
[09:49:50] [Render thread/INFO] (Minecraft) Preparing spawn area: 0%
[09:49:50] [Render thread/INFO] (Minecraft) Time elapsed: 1495 ms
[09:49:50] [Server thread/INFO] (Minecraft) Changing view distance to 12, from 10
[09:49:50] [Server thread/INFO] (Minecraft) Changing simulation distance to 12, from 0
[09:49:51] [Render thread/INFO] (EMI) [EMI] Recipes synchronized, waiting for tags to reload EMI...
[09:49:52] [Server thread/INFO] (Minecraft) Player815[local:E:703317eb] logged in with entity id 1 at (-1.5, -60.0, 10.5)
[09:49:52] [Server thread/INFO] (Minecraft) Player815 joined the game
[09:49:52] [Render thread/INFO] (EMI) [EMI] Joining server, EMI waiting for data from server...
[09:49:52] [Render thread/INFO] (EMI) [EMI] Tags synchronized, reloading EMI
[09:49:52] [Render thread/INFO] (EMI) [EMI] Starting Reload
[09:49:52] [Thread-12/INFO] (EMI) [EMI] Starting EMI reload...
[09:49:52] [Thread-12/INFO] (EMI) [EMI] Clearing data
[09:49:52] [Thread-12/INFO] (EMI) [EMI] Initializing plugin from emi
[09:49:52] [Thread-12/INFO] (EMI) [EMI] Initialized plugin from emi in 7ms
[09:49:52] [Thread-12/INFO] (EMI) [EMI] Initializing plugin from emipluginrecipes
[09:49:52] [Thread-12/INFO] (EMI) [EMI] Initialized plugin from emipluginrecipes in 0ms
[09:49:52] [Thread-12/INFO] (EMI) [EMI] Processing tags
[09:49:52] [Thread-12/INFO] (EMI) [EMI] Constructing index
[09:49:52] [Thread-12/INFO] (EMI) [EMI] Reloading item groups on client thread...
[09:49:52] [Render thread/INFO] (Minecraft) Loaded 2 advancements
[09:49:52] [Thread-12/INFO] (EMI) [EMI] Reloading item groups on client thread took 381ms
[09:49:53] [Thread-12/INFO] (EMI) [EMI] Loading plugin from emi
[09:49:53] [Thread-12/INFO] (EMI) [EMI] Reloaded plugin from emi in 306ms
[09:49:53] [Thread-12/INFO] (EMI) [EMI] Loading plugin from emipluginrecipes
[09:49:53] [Thread-12/INFO] (EMI) [EMI] Reloaded plugin from emipluginrecipes in 64ms
[09:49:53] [Thread-12/INFO] (EMI) [EMI] Baking index
[09:49:53] [Thread-12/INFO] (EMI) [EMI] Registering late recipes
[09:49:53] [Thread-12/INFO] (EMI) [EMI] Baking recipes
[09:49:53] [Thread-12/ERROR] (EMI) [EMI] Untranslated recipe category emipluginrecipes:/cauldron
[09:49:53] [Thread-12/ERROR] (EMI) [EMI] Untranslated recipe category emipluginrecipes:/any_barrel
[09:49:53] [Thread-12/ERROR] (EMI) [EMI] Untranslated recipe category emipluginrecipes:/birch_barrel
[09:49:53] [Thread-12/ERROR] (EMI) [EMI] Untranslated recipe category emipluginrecipes:/acacia_barrel
[09:49:53] [Thread-12/ERROR] (EMI) [EMI] Untranslated recipe category emipluginrecipes:/dark_oak_barrel
[09:49:53] [Thread-12/ERROR] (EMI) [EMI] Untranslated recipe category emipluginrecipes:/spruce_barrel
[09:49:53] [Thread-12/ERROR] (EMI) [EMI] Untranslated recipe category emipluginrecipes:/oak_barrel
[09:49:53] [Thread-12/INFO] (EMI) [EMI] Baked 3099 recipes in 103ms
[09:49:53] [Thread-12/INFO] (EMI) [EMI] Baking search
[09:49:53] [Thread-13/ERROR] (EMI) [EMI] Untranslated recipe category emipluginrecipes:/cauldron
[09:49:53] [Thread-13/ERROR] (EMI) [EMI] Untranslated recipe category emipluginrecipes:/any_barrel
[09:49:53] [Thread-13/ERROR] (EMI) [EMI] Untranslated recipe category emipluginrecipes:/birch_barrel
[09:49:53] [Thread-13/ERROR] (EMI) [EMI] Untranslated recipe category emipluginrecipes:/acacia_barrel
[09:49:53] [Thread-13/ERROR] (EMI) [EMI] Untranslated recipe category emipluginrecipes:/dark_oak_barrel
[09:49:53] [Thread-13/ERROR] (EMI) [EMI] Untranslated recipe category emipluginrecipes:/spruce_barrel
[09:49:53] [Thread-13/ERROR] (EMI) [EMI] Untranslated recipe category emipluginrecipes:/oak_barrel
[09:49:53] [Thread-13/INFO] (EMI) [EMI] Baked recipes after reload in 60ms
[09:49:53] [Thread-12/INFO] (EMI) [EMI] Finishing up
[09:49:53] [Thread-12/INFO] (EMI) [EMI] Reloaded EMI in 1241ms
[09:49:53] [Server thread/INFO] (Minecraft) Saving and pausing game...
[09:49:53] [Server thread/INFO] (Minecraft) Saving chunks for level 'ServerLevel[Testing]'/minecraft:overworld
[09:49:53] [Server thread/INFO] (Minecraft) Saving chunks for level 'ServerLevel[Testing]'/minecraft:the_end
[09:49:53] [Server thread/INFO] (Minecraft) Saving chunks for level 'ServerLevel[Testing]'/minecraft:the_nether
[09:50:33] [Server thread/INFO] (Minecraft) Saving and pausing game...
[09:50:33] [Server thread/INFO] (Minecraft) Saving chunks for level 'ServerLevel[Testing]'/minecraft:overworld
[09:50:33] [Server thread/INFO] (Minecraft) Saving chunks for level 'ServerLevel[Testing]'/minecraft:the_end
[09:50:33] [Server thread/INFO] (Minecraft) Saving chunks for level 'ServerLevel[Testing]'/minecraft:the_nether
[09:50:37] [Server thread/INFO] (Minecraft) Saving and pausing game...
[09:50:37] [Server thread/INFO] (Minecraft) Saving chunks for level 'ServerLevel[Testing]'/minecraft:overworld
[09:50:37] [Server thread/INFO] (Minecraft) Saving chunks for level 'ServerLevel[Testing]'/minecraft:the_end
[09:50:37] [Server thread/INFO] (Minecraft) Saving chunks for level 'ServerLevel[Testing]'/minecraft:the_nether
[09:50:52] [Server thread/INFO] (Minecraft) Saving and pausing game...
[09:50:52] [Server thread/INFO] (Minecraft) Saving chunks for level 'ServerLevel[Testing]'/minecraft:overworld
[09:50:52] [Server thread/INFO] (Minecraft) Saving chunks for level 'ServerLevel[Testing]'/minecraft:the_end
[09:50:52] [Server thread/INFO] (Minecraft) Saving chunks for level 'ServerLevel[Testing]'/minecraft:the_nether
[09:51:14] [Server thread/INFO] (Minecraft) Saving and pausing game...
[09:51:14] [Server thread/INFO] (Minecraft) Saving chunks for level 'ServerLevel[Testing]'/minecraft:overworld
[09:51:14] [Server thread/INFO] (Minecraft) Saving chunks for level 'ServerLevel[Testing]'/minecraft:the_end
[09:51:14] [Server thread/INFO] (Minecraft) Saving chunks for level 'ServerLevel[Testing]'/minecraft:the_nether
[09:52:05] [Server thread/INFO] (Minecraft) Saving and pausing game...
[09:52:05] [Server thread/INFO] (Minecraft) Saving chunks for level 'ServerLevel[Testing]'/minecraft:overworld
[09:52:05] [Server thread/INFO] (Minecraft) Saving chunks for level 'ServerLevel[Testing]'/minecraft:the_end
[09:52:05] [Server thread/INFO] (Minecraft) Saving chunks for level 'ServerLevel[Testing]'/minecraft:the_nether
[09:57:53] [Server thread/INFO] (Minecraft) Saving and pausing game...
[09:57:53] [Server thread/INFO] (Minecraft) Saving chunks for level 'ServerLevel[Testing]'/minecraft:overworld
[09:57:53] [Server thread/INFO] (Minecraft) Saving chunks for level 'ServerLevel[Testing]'/minecraft:the_end
[09:57:53] [Server thread/INFO] (Minecraft) Saving chunks for level 'ServerLevel[Testing]'/minecraft:the_nether
[09:58:40] [Server thread/INFO] (Minecraft) Saving and pausing game...
[09:58:40] [Server thread/INFO] (Minecraft) Saving chunks for level 'ServerLevel[Testing]'/minecraft:overworld
[09:58:40] [Server thread/INFO] (Minecraft) Saving chunks for level 'ServerLevel[Testing]'/minecraft:the_end
[09:58:40] [Server thread/INFO] (Minecraft) Saving chunks for level 'ServerLevel[Testing]'/minecraft:the_nether
